[0.016s] Invoking command in '/home/ougy/damiao_ws/tanerb_ws/build/ignition_robot': CMAKE_PREFIX_PATH=${CMAKE_PREFIX_PATH}:/home/ougy/ros2_ws/install/user_interface:/home/ougy/ros2_ws/install/service_test:/home/ougy/ros2_ws/install/robstride_ros:/home/ougy/ros2_ws/install/point_cloud_data:/home/ougy/ros2_ws/install/parameter_tests_pkg:/home/ougy/ros2_ws/install/odrive_can:/home/ougy/ros2_ws/install/mks_stepper_can:/home/ougy/ros2_ws/install/manage_node_test:/home/ougy/ros2_ws/install/launch_tests_pkg:/home/ougy/ros2_ws/install/kinematics:/home/ougy/ros2_ws/install/ds4_teleop:/home/ougy/ros2_ws/install/dc_gamepad:/home/ougy/ros2_ws/install/can_driver:/home/ougy/ros2_ws/install/can_test:/home/ougy/ros2_ws/install/action_test_pkg:/home/ougy/ws_moveit/install/moveit_configs_utils:/home/ougy/ws_moveit/install/launch_param_builder:/opt/ros/humble /usr/bin/cmake /home/ougy/damiao_ws/tanerb_ws/src/ignition_robot -DCMAKE_INSTALL_PREFIX=/home/ougy/damiao_ws/tanerb_ws/install/ignition_robot
[0.089s] -- The C compiler identification is GNU 11.4.0
[0.150s] -- The CXX compiler identification is GNU 11.4.0
[0.161s] -- Detecting C compiler ABI info
[0.218s] -- Detecting C compiler ABI info - done
[0.223s] -- Check for working C compiler: /usr/lib/ccache/cc - skipped
[0.223s] -- Detecting C compile features
[0.224s] -- Detecting C compile features - done
[0.226s] -- Detecting CXX compiler ABI info
[0.284s] -- Detecting CXX compiler ABI info - done
[0.288s] -- Check for working CXX compiler: /usr/lib/ccache/c++ - skipped
[0.289s] -- Detecting CXX compile features
[0.289s] -- Detecting CXX compile features - done
[0.295s] -- Found ament_cmake: 1.3.12 (/opt/ros/humble/share/ament_cmake/cmake)
[0.570s] -- Found Python3: /usr/bin/python3 (found version "3.10.12") found components: Interpreter 
[0.692s] -- Found rclcpp: 16.0.17 (/opt/ros/humble/share/rclcpp/cmake)
[0.759s] -- Found rosidl_generator_c: 3.1.8 (/opt/ros/humble/share/rosidl_generator_c/cmake)
[0.768s] -- Found rosidl_adapter: 3.1.8 (/opt/ros/humble/share/rosidl_adapter/cmake)
[0.780s] -- Found rosidl_generator_cpp: 3.1.8 (/opt/ros/humble/share/rosidl_generator_cpp/cmake)
[0.797s] -- Using all available rosidl_typesupport_c: rosidl_typesupport_fastrtps_c;rosidl_typesupport_introspection_c
[0.820s] -- Using all available rosidl_typesupport_cpp: rosidl_typesupport_fastrtps_cpp;rosidl_typesupport_introspection_cpp
[0.882s] -- Found rmw_implementation_cmake: 6.1.2 (/opt/ros/humble/share/rmw_implementation_cmake/cmake)
[0.889s] -- Found rmw_fastrtps_cpp: 6.2.9 (/opt/ros/humble/share/rmw_fastrtps_cpp/cmake)
[0.999s] -- Found OpenSSL: /usr/lib/x86_64-linux-gnu/libcrypto.so (found version "3.0.2")  
[1.025s] -- Found FastRTPS: /opt/ros/humble/include  
[1.061s] -- Using RMW implementation 'rmw_fastrtps_cpp' as default
[1.078s] -- Looking for pthread.h
[1.170s] -- Looking for pthread.h - found
[1.170s] -- Performing Test CMAKE_HAVE_LIBC_PTHREAD
[1.248s] -- Performing Test CMAKE_HAVE_LIBC_PTHREAD - Success
[1.249s] -- Found Threads: TRUE  
[1.308s] -- Found geometry_msgs: 4.9.0 (/opt/ros/humble/share/geometry_msgs/cmake)
[1.321s] -- Found sensor_msgs: 4.9.0 (/opt/ros/humble/share/sensor_msgs/cmake)
[1.338s] -- Found tf2: 0.25.18 (/opt/ros/humble/share/tf2/cmake)
[1.353s] -- Found tf2_ros: 0.25.18 (/opt/ros/humble/share/tf2_ros/cmake)
[1.456s] -- Found ros_gz_bridge: 0.244.20 (/opt/ros/humble/share/ros_gz_bridge/cmake)
[1.499s] -- Found Protobuf: /usr/lib/x86_64-linux-gnu/libprotobuf.so (found suitable version "3.12.4", minimum required is "3") 
[1.590s] -- Found Protobuf: /usr/lib/x86_64-linux-gnu/libprotobuf.so (found version "3.12.4") 
[1.914s] -- Found ros_gz_sim: 0.244.20 (/opt/ros/humble/share/ros_gz_sim/cmake)
[1.918s] -- Found ament_lint_auto: 0.12.14 (/opt/ros/humble/share/ament_lint_auto/cmake)
[1.998s] -- Added test 'flake8' to check Python code syntax and style conventions
[1.998s] -- Added test 'lint_cmake' to check CMake code style
[1.999s] -- Added test 'pep257' to check Python code against some of the docstring style conventions in PEP 257
[2.001s] -- Added test 'xmllint' to check XML markup files
[2.003s] -- Configuring done
[2.005s] -- Generating done
[2.007s] -- Build files have been written to: /home/ougy/damiao_ws/tanerb_ws/build/ignition_robot
[2.015s] Invoked command in '/home/ougy/damiao_ws/tanerb_ws/build/ignition_robot' returned '0': CMAKE_PREFIX_PATH=${CMAKE_PREFIX_PATH}:/home/ougy/ros2_ws/install/user_interface:/home/ougy/ros2_ws/install/service_test:/home/ougy/ros2_ws/install/robstride_ros:/home/ougy/ros2_ws/install/point_cloud_data:/home/ougy/ros2_ws/install/parameter_tests_pkg:/home/ougy/ros2_ws/install/odrive_can:/home/ougy/ros2_ws/install/mks_stepper_can:/home/ougy/ros2_ws/install/manage_node_test:/home/ougy/ros2_ws/install/launch_tests_pkg:/home/ougy/ros2_ws/install/kinematics:/home/ougy/ros2_ws/install/ds4_teleop:/home/ougy/ros2_ws/install/dc_gamepad:/home/ougy/ros2_ws/install/can_driver:/home/ougy/ros2_ws/install/can_test:/home/ougy/ros2_ws/install/action_test_pkg:/home/ougy/ws_moveit/install/moveit_configs_utils:/home/ougy/ws_moveit/install/launch_param_builder:/opt/ros/humble /usr/bin/cmake /home/ougy/damiao_ws/tanerb_ws/src/ignition_robot -DCMAKE_INSTALL_PREFIX=/home/ougy/damiao_ws/tanerb_ws/install/ignition_robot
[2.016s] Invoking command in '/home/ougy/damiao_ws/tanerb_ws/build/ignition_robot': CMAKE_PREFIX_PATH=${CMAKE_PREFIX_PATH}:/home/ougy/ros2_ws/install/user_interface:/home/ougy/ros2_ws/install/service_test:/home/ougy/ros2_ws/install/robstride_ros:/home/ougy/ros2_ws/install/point_cloud_data:/home/ougy/ros2_ws/install/parameter_tests_pkg:/home/ougy/ros2_ws/install/odrive_can:/home/ougy/ros2_ws/install/mks_stepper_can:/home/ougy/ros2_ws/install/manage_node_test:/home/ougy/ros2_ws/install/launch_tests_pkg:/home/ougy/ros2_ws/install/kinematics:/home/ougy/ros2_ws/install/ds4_teleop:/home/ougy/ros2_ws/install/dc_gamepad:/home/ougy/ros2_ws/install/can_driver:/home/ougy/ros2_ws/install/can_test:/home/ougy/ros2_ws/install/action_test_pkg:/home/ougy/ws_moveit/install/moveit_configs_utils:/home/ougy/ws_moveit/install/launch_param_builder:/opt/ros/humble /usr/bin/cmake --build /home/ougy/damiao_ws/tanerb_ws/build/ignition_robot -- -j20 -l20
[2.054s] Invoked command in '/home/ougy/damiao_ws/tanerb_ws/build/ignition_robot' returned '0': CMAKE_PREFIX_PATH=${CMAKE_PREFIX_PATH}:/home/ougy/ros2_ws/install/user_interface:/home/ougy/ros2_ws/install/service_test:/home/ougy/ros2_ws/install/robstride_ros:/home/ougy/ros2_ws/install/point_cloud_data:/home/ougy/ros2_ws/install/parameter_tests_pkg:/home/ougy/ros2_ws/install/odrive_can:/home/ougy/ros2_ws/install/mks_stepper_can:/home/ougy/ros2_ws/install/manage_node_test:/home/ougy/ros2_ws/install/launch_tests_pkg:/home/ougy/ros2_ws/install/kinematics:/home/ougy/ros2_ws/install/ds4_teleop:/home/ougy/ros2_ws/install/dc_gamepad:/home/ougy/ros2_ws/install/can_driver:/home/ougy/ros2_ws/install/can_test:/home/ougy/ros2_ws/install/action_test_pkg:/home/ougy/ws_moveit/install/moveit_configs_utils:/home/ougy/ws_moveit/install/launch_param_builder:/opt/ros/humble /usr/bin/cmake --build /home/ougy/damiao_ws/tanerb_ws/build/ignition_robot -- -j20 -l20
[2.065s] Invoking command in '/home/ougy/damiao_ws/tanerb_ws/build/ignition_robot': CMAKE_PREFIX_PATH=${CMAKE_PREFIX_PATH}:/home/ougy/ros2_ws/install/user_interface:/home/ougy/ros2_ws/install/service_test:/home/ougy/ros2_ws/install/robstride_ros:/home/ougy/ros2_ws/install/point_cloud_data:/home/ougy/ros2_ws/install/parameter_tests_pkg:/home/ougy/ros2_ws/install/odrive_can:/home/ougy/ros2_ws/install/mks_stepper_can:/home/ougy/ros2_ws/install/manage_node_test:/home/ougy/ros2_ws/install/launch_tests_pkg:/home/ougy/ros2_ws/install/kinematics:/home/ougy/ros2_ws/install/ds4_teleop:/home/ougy/ros2_ws/install/dc_gamepad:/home/ougy/ros2_ws/install/can_driver:/home/ougy/ros2_ws/install/can_test:/home/ougy/ros2_ws/install/action_test_pkg:/home/ougy/ws_moveit/install/moveit_configs_utils:/home/ougy/ws_moveit/install/launch_param_builder:/opt/ros/humble /usr/bin/cmake --install /home/ougy/damiao_ws/tanerb_ws/build/ignition_robot
[2.072s] -- Install configuration: ""
[2.072s] -- Installing: /home/ougy/damiao_ws/tanerb_ws/install/ignition_robot/share/ignition_robot/launch
[2.072s] -- Installing: /home/ougy/damiao_ws/tanerb_ws/install/ignition_robot/share/ignition_robot/launch/gazebo.launch.py
[2.072s] -- Installing: /home/ougy/damiao_ws/tanerb_ws/install/ignition_robot/share/ignition_robot/launch/complete.launch.py
[2.072s] -- Installing: /home/ougy/damiao_ws/tanerb_ws/install/ignition_robot/share/ignition_robot/launch/display.launch.py
[2.072s] -- Installing: /home/ougy/damiao_ws/tanerb_ws/install/ignition_robot/share/ignition_robot/urdf
[2.072s] -- Installing: /home/ougy/damiao_ws/tanerb_ws/install/ignition_robot/share/ignition_robot/urdf/ignbot.urdf
[2.072s] -- Installing: /home/ougy/damiao_ws/tanerb_ws/install/ignition_robot/share/ignition_robot/worlds
[2.072s] -- Installing: /home/ougy/damiao_ws/tanerb_ws/install/ignition_robot/share/ignition_robot/worlds/empty_world.world
[2.072s] -- Installing: /home/ougy/damiao_ws/tanerb_ws/install/ignition_robot/share/ignition_robot/config
[2.073s] -- Installing: /home/ougy/damiao_ws/tanerb_ws/install/ignition_robot/share/ignition_robot/config/ignbot.rviz
[2.073s] -- Installing: /home/ougy/damiao_ws/tanerb_ws/install/ignition_robot/share/ament_index/resource_index/package_run_dependencies/ignition_robot
[2.073s] -- Installing: /home/ougy/damiao_ws/tanerb_ws/install/ignition_robot/share/ament_index/resource_index/parent_prefix_path/ignition_robot
[2.073s] -- Installing: /home/ougy/damiao_ws/tanerb_ws/install/ignition_robot/share/ignition_robot/environment/ament_prefix_path.sh
[2.073s] -- Installing: /home/ougy/damiao_ws/tanerb_ws/install/ignition_robot/share/ignition_robot/environment/ament_prefix_path.dsv
[2.073s] -- Installing: /home/ougy/damiao_ws/tanerb_ws/install/ignition_robot/share/ignition_robot/environment/path.sh
[2.073s] -- Installing: /home/ougy/damiao_ws/tanerb_ws/install/ignition_robot/share/ignition_robot/environment/path.dsv
[2.073s] -- Installing: /home/ougy/damiao_ws/tanerb_ws/install/ignition_robot/share/ignition_robot/local_setup.bash
[2.073s] -- Installing: /home/ougy/damiao_ws/tanerb_ws/install/ignition_robot/share/ignition_robot/local_setup.sh
[2.073s] -- Installing: /home/ougy/damiao_ws/tanerb_ws/install/ignition_robot/share/ignition_robot/local_setup.zsh
[2.073s] -- Installing: /home/ougy/damiao_ws/tanerb_ws/install/ignition_robot/share/ignition_robot/local_setup.dsv
[2.074s] -- Installing: /home/ougy/damiao_ws/tanerb_ws/install/ignition_robot/share/ignition_robot/package.dsv
[2.074s] -- Installing: /home/ougy/damiao_ws/tanerb_ws/install/ignition_robot/share/ament_index/resource_index/packages/ignition_robot
[2.074s] -- Installing: /home/ougy/damiao_ws/tanerb_ws/install/ignition_robot/share/ignition_robot/cmake/ignition_robotConfig.cmake
[2.074s] -- Installing: /home/ougy/damiao_ws/tanerb_ws/install/ignition_robot/share/ignition_robot/cmake/ignition_robotConfig-version.cmake
[2.074s] -- Installing: /home/ougy/damiao_ws/tanerb_ws/install/ignition_robot/share/ignition_robot/package.xml
[2.075s] Invoked command in '/home/ougy/damiao_ws/tanerb_ws/build/ignition_robot' returned '0': CMAKE_PREFIX_PATH=${CMAKE_PREFIX_PATH}:/home/ougy/ros2_ws/install/user_interface:/home/ougy/ros2_ws/install/service_test:/home/ougy/ros2_ws/install/robstride_ros:/home/ougy/ros2_ws/install/point_cloud_data:/home/ougy/ros2_ws/install/parameter_tests_pkg:/home/ougy/ros2_ws/install/odrive_can:/home/ougy/ros2_ws/install/mks_stepper_can:/home/ougy/ros2_ws/install/manage_node_test:/home/ougy/ros2_ws/install/launch_tests_pkg:/home/ougy/ros2_ws/install/kinematics:/home/ougy/ros2_ws/install/ds4_teleop:/home/ougy/ros2_ws/install/dc_gamepad:/home/ougy/ros2_ws/install/can_driver:/home/ougy/ros2_ws/install/can_test:/home/ougy/ros2_ws/install/action_test_pkg:/home/ougy/ws_moveit/install/moveit_configs_utils:/home/ougy/ws_moveit/install/launch_param_builder:/opt/ros/humble /usr/bin/cmake --install /home/ougy/damiao_ws/tanerb_ws/build/ignition_robot
