[0.454s] Invoking command in '/home/ougy/damiao_ws/tanerb_ws/src/tanerb_sub': PYTHONPATH=/home/ougy/damiao_ws/tanerb_ws/build/tanerb_sub/prefix_override:/usr/lib/python3/dist-packages/colcon_core/task/python/colcon_distutils_commands:/home/ougy/damiao_ws/tanerb_ws/install/tanerb_sub/lib/python3.10/site-packages:${PYTHONPATH} /usr/bin/python3 -W ignore:setup.py install is deprecated -W ignore:easy_install command is deprecated setup.py egg_info --egg-base ../../build/tanerb_sub build --build-base /home/ougy/damiao_ws/tanerb_ws/build/tanerb_sub/build install --record /home/ougy/damiao_ws/tanerb_ws/build/tanerb_sub/install.log --single-version-externally-managed install_data
[0.629s] running egg_info
[0.639s] creating ../../build/tanerb_sub/tanerb_sub.egg-info
[0.639s] writing ../../build/tanerb_sub/tanerb_sub.egg-info/PKG-INFO
[0.640s] writing dependency_links to ../../build/tanerb_sub/tanerb_sub.egg-info/dependency_links.txt
[0.640s] writing entry points to ../../build/tanerb_sub/tanerb_sub.egg-info/entry_points.txt
[0.640s] writing requirements to ../../build/tanerb_sub/tanerb_sub.egg-info/requires.txt
[0.640s] writing top-level names to ../../build/tanerb_sub/tanerb_sub.egg-info/top_level.txt
[0.640s] writing manifest file '../../build/tanerb_sub/tanerb_sub.egg-info/SOURCES.txt'
[0.662s] reading manifest file '../../build/tanerb_sub/tanerb_sub.egg-info/SOURCES.txt'
[0.662s] writing manifest file '../../build/tanerb_sub/tanerb_sub.egg-info/SOURCES.txt'
[0.662s] running build
[0.662s] running build_py
[0.663s] creating /home/ougy/damiao_ws/tanerb_ws/build/tanerb_sub/build/lib/tanerb_sub
[0.663s] copying tanerb_sub/tanerb_sub.py -> /home/ougy/damiao_ws/tanerb_ws/build/tanerb_sub/build/lib/tanerb_sub
[0.663s] copying tanerb_sub/__init__.py -> /home/ougy/damiao_ws/tanerb_ws/build/tanerb_sub/build/lib/tanerb_sub
[0.663s] running install
[0.665s] running install_lib
[0.676s] creating /home/ougy/damiao_ws/tanerb_ws/install/tanerb_sub/lib/python3.10/site-packages/tanerb_sub
[0.676s] copying /home/ougy/damiao_ws/tanerb_ws/build/tanerb_sub/build/lib/tanerb_sub/tanerb_sub.py -> /home/ougy/damiao_ws/tanerb_ws/install/tanerb_sub/lib/python3.10/site-packages/tanerb_sub
[0.676s] copying /home/ougy/damiao_ws/tanerb_ws/build/tanerb_sub/build/lib/tanerb_sub/__init__.py -> /home/ougy/damiao_ws/tanerb_ws/install/tanerb_sub/lib/python3.10/site-packages/tanerb_sub
[0.676s] byte-compiling /home/ougy/damiao_ws/tanerb_ws/install/tanerb_sub/lib/python3.10/site-packages/tanerb_sub/tanerb_sub.py to tanerb_sub.cpython-310.pyc
[0.676s] byte-compiling /home/ougy/damiao_ws/tanerb_ws/install/tanerb_sub/lib/python3.10/site-packages/tanerb_sub/__init__.py to __init__.cpython-310.pyc
[0.676s] running install_data
[0.677s] creating /home/ougy/damiao_ws/tanerb_ws/install/tanerb_sub/share/ament_index/resource_index/packages
[0.677s] copying resource/tanerb_sub -> /home/ougy/damiao_ws/tanerb_ws/install/tanerb_sub/share/ament_index/resource_index/packages
[0.677s] copying package.xml -> /home/ougy/damiao_ws/tanerb_ws/install/tanerb_sub/share/tanerb_sub
[0.677s] running install_egg_info
[0.688s] Copying ../../build/tanerb_sub/tanerb_sub.egg-info to /home/ougy/damiao_ws/tanerb_ws/install/tanerb_sub/lib/python3.10/site-packages/tanerb_sub-0.0.0-py3.10.egg-info
[0.688s] running install_scripts
[0.711s] Installing tanerb_sub script to /home/ougy/damiao_ws/tanerb_ws/install/tanerb_sub/lib/tanerb_sub
[0.711s] writing list of installed files to '/home/ougy/damiao_ws/tanerb_ws/build/tanerb_sub/install.log'
[0.725s] Invoked command in '/home/ougy/damiao_ws/tanerb_ws/src/tanerb_sub' returned '0': PYTHONPATH=/home/ougy/damiao_ws/tanerb_ws/build/tanerb_sub/prefix_override:/usr/lib/python3/dist-packages/colcon_core/task/python/colcon_distutils_commands:/home/ougy/damiao_ws/tanerb_ws/install/tanerb_sub/lib/python3.10/site-packages:${PYTHONPATH} /usr/bin/python3 -W ignore:setup.py install is deprecated -W ignore:easy_install command is deprecated setup.py egg_info --egg-base ../../build/tanerb_sub build --build-base /home/ougy/damiao_ws/tanerb_ws/build/tanerb_sub/build install --record /home/ougy/damiao_ws/tanerb_ws/build/tanerb_sub/install.log --single-version-externally-managed install_data
