-- Install configuration: ""
-- Up-to-date: /home/ougy/damiao_ws/tanerb_ws/install/ignition_robot/share/ignition_robot/launch
-- Installing: /home/ougy/damiao_ws/tanerb_ws/install/ignition_robot/share/ignition_robot/launch/gazebo.launch.py
-- Up-to-date: /home/ougy/damiao_ws/tanerb_ws/install/ignition_robot/share/ignition_robot/launch/complete.launch.py
-- Up-to-date: /home/ougy/damiao_ws/tanerb_ws/install/ignition_robot/share/ignition_robot/launch/display.launch.py
-- Up-to-date: /home/ougy/damiao_ws/tanerb_ws/install/ignition_robot/share/ignition_robot/urdf
-- Up-to-date: /home/ougy/damiao_ws/tanerb_ws/install/ignition_robot/share/ignition_robot/urdf/ignbot.urdf
-- Installing: /home/ougy/damiao_ws/tanerb_ws/install/ignition_robot/share/ignition_robot/urdf/tanerb_moveit_config.urdf
-- Installing: /home/ougy/damiao_ws/tanerb_ws/install/ignition_robot/share/ignition_robot/urdf/tanerb_moveit_config.csv
-- Up-to-date: /home/ougy/damiao_ws/tanerb_ws/install/ignition_robot/share/ignition_robot/worlds
-- Up-to-date: /home/ougy/damiao_ws/tanerb_ws/install/ignition_robot/share/ignition_robot/worlds/empty_world.world
-- Up-to-date: /home/ougy/damiao_ws/tanerb_ws/install/ignition_robot/share/ignition_robot/config
-- Up-to-date: /home/ougy/damiao_ws/tanerb_ws/install/ignition_robot/share/ignition_robot/config/ignbot.rviz
-- Up-to-date: /home/ougy/damiao_ws/tanerb_ws/install/ignition_robot/share/ament_index/resource_index/package_run_dependencies/ignition_robot
-- Up-to-date: /home/ougy/damiao_ws/tanerb_ws/install/ignition_robot/share/ament_index/resource_index/parent_prefix_path/ignition_robot
-- Up-to-date: /home/ougy/damiao_ws/tanerb_ws/install/ignition_robot/share/ignition_robot/environment/ament_prefix_path.sh
-- Up-to-date: /home/ougy/damiao_ws/tanerb_ws/install/ignition_robot/share/ignition_robot/environment/ament_prefix_path.dsv
-- Up-to-date: /home/ougy/damiao_ws/tanerb_ws/install/ignition_robot/share/ignition_robot/environment/path.sh
-- Up-to-date: /home/ougy/damiao_ws/tanerb_ws/install/ignition_robot/share/ignition_robot/environment/path.dsv
-- Up-to-date: /home/ougy/damiao_ws/tanerb_ws/install/ignition_robot/share/ignition_robot/local_setup.bash
-- Up-to-date: /home/ougy/damiao_ws/tanerb_ws/install/ignition_robot/share/ignition_robot/local_setup.sh
-- Up-to-date: /home/ougy/damiao_ws/tanerb_ws/install/ignition_robot/share/ignition_robot/local_setup.zsh
-- Up-to-date: /home/ougy/damiao_ws/tanerb_ws/install/ignition_robot/share/ignition_robot/local_setup.dsv
-- Installing: /home/ougy/damiao_ws/tanerb_ws/install/ignition_robot/share/ignition_robot/package.dsv
-- Up-to-date: /home/ougy/damiao_ws/tanerb_ws/install/ignition_robot/share/ament_index/resource_index/packages/ignition_robot
-- Up-to-date: /home/ougy/damiao_ws/tanerb_ws/install/ignition_robot/share/ignition_robot/cmake/ignition_robotConfig.cmake
-- Up-to-date: /home/ougy/damiao_ws/tanerb_ws/install/ignition_robot/share/ignition_robot/cmake/ignition_robotConfig-version.cmake
-- Up-to-date: /home/ougy/damiao_ws/tanerb_ws/install/ignition_robot/share/ignition_robot/package.xml
