[0.071s] DEBUG:colcon:Command line arguments: ['/usr/bin/colcon', 'build']
[0.071s] DEBUG:colcon:Parsed command line arguments: Namespace(log_base=None, log_level=None, verb_name='build', build_base='build', install_base='install', merge_install=False, symlink_install=False, test_result_base=None, continue_on_error=False, executor='parallel', parallel_workers=20, event_handlers=None, ignore_user_meta=False, metas=['./colcon.meta'], base_paths=['.'], packages_ignore=None, packages_ignore_regex=None, paths=None, packages_up_to=None, packages_up_to_regex=None, packages_above=None, packages_above_and_dependencies=None, packages_above_depth=None, packages_select_by_dep=None, packages_skip_by_dep=None, packages_skip_up_to=None, packages_select_build_failed=False, packages_skip_build_finished=False, packages_select_test_failures=False, packages_skip_test_passed=False, packages_select=None, packages_skip=None, packages_select_regex=None, packages_skip_regex=None, packages_start=None, packages_end=None, allow_overriding=[], cmake_args=None, cmake_target=None, cmake_target_skip_unavailable=False, cmake_clean_cache=False, cmake_clean_first=False, cmake_force_configure=False, ament_cmake_args=None, catkin_cmake_args=None, catkin_skip_building_tests=False, mixin_files=None, mixin=None, verb_parser=<colcon_mixin.mixin.mixin_argument.MixinArgumentDecorator object at 0x7e7b4d9bca00>, verb_extension=<colcon_core.verb.build.BuildVerb object at 0x7e7b4d9bc310>, main=<bound method BuildVerb.main of <colcon_core.verb.build.BuildVerb object at 0x7e7b4d9bc310>>, mixin_verb=('build',))
[0.094s] Level 1:colcon.colcon_core.package_discovery:discover_packages(colcon_meta) check parameters
[0.094s] Level 1:colcon.colcon_core.package_discovery:discover_packages(recursive) check parameters
[0.094s] Level 1:colcon.colcon_core.package_discovery:discover_packages(ignore) check parameters
[0.094s] Level 1:colcon.colcon_core.package_discovery:discover_packages(path) check parameters
[0.094s] Level 1:colcon.colcon_core.package_discovery:discover_packages(colcon_meta) discover
[0.094s] Level 1:colcon.colcon_core.package_discovery:discover_packages(recursive) discover
[0.094s] INFO:colcon.colcon_core.package_discovery:Crawling recursively for packages in '/home/ougy/damiao_ws/tanerb_ws'
[0.095s] Level 1:colcon.colcon_core.package_identification:_identify(.) by extensions ['ignore', 'ignore_ament_install']
[0.095s] Level 1:colcon.colcon_core.package_identification:_identify(.) by extension 'ignore'
[0.095s] Level 1:colcon.colcon_core.package_identification:_identify(.) by extension 'ignore_ament_install'
[0.095s] Level 1:colcon.colcon_core.package_identification:_identify(.) by extensions ['colcon_pkg']
[0.095s] Level 1:colcon.colcon_core.package_identification:_identify(.) by extension 'colcon_pkg'
[0.095s] Level 1:colcon.colcon_core.package_identification:_identify(.) by extensions ['colcon_meta']
[0.095s] Level 1:colcon.colcon_core.package_identification:_identify(.) by extension 'colcon_meta'
[0.095s] Level 1:colcon.colcon_core.package_identification:_identify(.) by extensions ['ros']
[0.095s] Level 1:colcon.colcon_core.package_identification:_identify(.) by extension 'ros'
[0.103s] Level 1:colcon.colcon_core.package_identification:_identify(.) by extensions ['cmake', 'python']
[0.103s] Level 1:colcon.colcon_core.package_identification:_identify(.) by extension 'cmake'
[0.103s] Level 1:colcon.colcon_core.package_identification:_identify(.) by extension 'python'
[0.103s] Level 1:colcon.colcon_core.package_identification:_identify(.) by extensions ['python_setup_py']
[0.103s] Level 1:colcon.colcon_core.package_identification:_identify(.) by extension 'python_setup_py'
[0.103s] Level 1:colcon.colcon_core.package_identification:_identify(build) by extensions ['ignore', 'ignore_ament_install']
[0.103s] Level 1:colcon.colcon_core.package_identification:_identify(build) by extension 'ignore'
[0.103s] Level 1:colcon.colcon_core.package_identification:_identify(build) ignored
[0.103s] Level 1:colcon.colcon_core.package_identification:_identify(install) by extensions ['ignore', 'ignore_ament_install']
[0.103s] Level 1:colcon.colcon_core.package_identification:_identify(install) by extension 'ignore'
[0.103s] Level 1:colcon.colcon_core.package_identification:_identify(install) ignored
[0.103s] Level 1:colcon.colcon_core.package_identification:_identify(log) by extensions ['ignore', 'ignore_ament_install']
[0.103s] Level 1:colcon.colcon_core.package_identification:_identify(log) by extension 'ignore'
[0.103s] Level 1:colcon.colcon_core.package_identification:_identify(log) ignored
[0.103s] Level 1:colcon.colcon_core.package_identification:_identify(src) by extensions ['ignore', 'ignore_ament_install']
[0.103s] Level 1:colcon.colcon_core.package_identification:_identify(src) by extension 'ignore'
[0.103s] Level 1:colcon.colcon_core.package_identification:_identify(src) by extension 'ignore_ament_install'
[0.103s] Level 1:colcon.colcon_core.package_identification:_identify(src) by extensions ['colcon_pkg']
[0.104s] Level 1:colcon.colcon_core.package_identification:_identify(src) by extension 'colcon_pkg'
[0.104s] Level 1:colcon.colcon_core.package_identification:_identify(src) by extensions ['colcon_meta']
[0.104s] Level 1:colcon.colcon_core.package_identification:_identify(src) by extension 'colcon_meta'
[0.104s] Level 1:colcon.colcon_core.package_identification:_identify(src) by extensions ['ros']
[0.104s] Level 1:colcon.colcon_core.package_identification:_identify(src) by extension 'ros'
[0.104s] Level 1:colcon.colcon_core.package_identification:_identify(src) by extensions ['cmake', 'python']
[0.104s] Level 1:colcon.colcon_core.package_identification:_identify(src) by extension 'cmake'
[0.104s] Level 1:colcon.colcon_core.package_identification:_identify(src) by extension 'python'
[0.104s] Level 1:colcon.colcon_core.package_identification:_identify(src) by extensions ['python_setup_py']
[0.104s] Level 1:colcon.colcon_core.package_identification:_identify(src) by extension 'python_setup_py'
[0.104s] Level 1:colcon.colcon_core.package_identification:_identify(src/ignition_robot) by extensions ['ignore', 'ignore_ament_install']
[0.104s] Level 1:colcon.colcon_core.package_identification:_identify(src/ignition_robot) by extension 'ignore'
[0.104s] Level 1:colcon.colcon_core.package_identification:_identify(src/ignition_robot) by extension 'ignore_ament_install'
[0.104s] Level 1:colcon.colcon_core.package_identification:_identify(src/ignition_robot) by extensions ['colcon_pkg']
[0.104s] Level 1:colcon.colcon_core.package_identification:_identify(src/ignition_robot) by extension 'colcon_pkg'
[0.104s] Level 1:colcon.colcon_core.package_identification:_identify(src/ignition_robot) by extensions ['colcon_meta']
[0.104s] Level 1:colcon.colcon_core.package_identification:_identify(src/ignition_robot) by extension 'colcon_meta'
[0.104s] Level 1:colcon.colcon_core.package_identification:_identify(src/ignition_robot) by extensions ['ros']
[0.104s] Level 1:colcon.colcon_core.package_identification:_identify(src/ignition_robot) by extension 'ros'
[0.106s] DEBUG:colcon.colcon_core.package_identification:Package 'src/ignition_robot' with type 'ros.ament_cmake' and name 'ignition_robot'
[0.106s] Level 1:colcon.colcon_core.package_identification:_identify(src/tanerb_sub) by extensions ['ignore', 'ignore_ament_install']
[0.106s] Level 1:colcon.colcon_core.package_identification:_identify(src/tanerb_sub) by extension 'ignore'
[0.106s] Level 1:colcon.colcon_core.package_identification:_identify(src/tanerb_sub) by extension 'ignore_ament_install'
[0.106s] Level 1:colcon.colcon_core.package_identification:_identify(src/tanerb_sub) by extensions ['colcon_pkg']
[0.106s] Level 1:colcon.colcon_core.package_identification:_identify(src/tanerb_sub) by extension 'colcon_pkg'
[0.106s] Level 1:colcon.colcon_core.package_identification:_identify(src/tanerb_sub) by extensions ['colcon_meta']
[0.106s] Level 1:colcon.colcon_core.package_identification:_identify(src/tanerb_sub) by extension 'colcon_meta'
[0.106s] Level 1:colcon.colcon_core.package_identification:_identify(src/tanerb_sub) by extensions ['ros']
[0.106s] Level 1:colcon.colcon_core.package_identification:_identify(src/tanerb_sub) by extension 'ros'
[0.106s] DEBUG:colcon.colcon_core.package_identification:Package 'src/tanerb_sub' with type 'ros.ament_python' and name 'tanerb_sub'
[0.106s] Level 1:colcon.colcon_core.package_discovery:discover_packages(recursive) using defaults
[0.106s] Level 1:colcon.colcon_core.package_discovery:discover_packages(ignore) discover
[0.106s] Level 1:colcon.colcon_core.package_discovery:discover_packages(ignore) using defaults
[0.106s] Level 1:colcon.colcon_core.package_discovery:discover_packages(path) discover
[0.106s] Level 1:colcon.colcon_core.package_discovery:discover_packages(path) using defaults
[0.120s] Level 1:colcon.colcon_core.package_discovery:discover_packages(prefix_path) check parameters
[0.120s] Level 1:colcon.colcon_core.package_discovery:discover_packages(prefix_path) discover
[0.122s] DEBUG:colcon.colcon_installed_package_information.package_discovery:Found 2 installed packages in /home/ougy/damiao_ws/tanerb_ws/install
[0.123s] DEBUG:colcon.colcon_installed_package_information.package_discovery:Found 59 installed packages in /home/ougy/ws_moveit/install
[0.123s] DEBUG:colcon.colcon_installed_package_information.package_discovery:Found 22 installed packages in /home/ougy/ros2_ws/install
[0.124s] DEBUG:colcon.colcon_installed_package_information.package_discovery:Found 295 installed packages in /opt/ros/humble
[0.125s] Level 1:colcon.colcon_core.package_discovery:discover_packages(prefix_path) using defaults
[0.144s] Level 5:colcon.colcon_core.verb:set package 'ignition_robot' build argument 'cmake_args' from command line to 'None'
[0.144s] Level 5:colcon.colcon_core.verb:set package 'ignition_robot' build argument 'cmake_target' from command line to 'None'
[0.144s] Level 5:colcon.colcon_core.verb:set package 'ignition_robot' build argument 'cmake_target_skip_unavailable' from command line to 'False'
[0.144s] Level 5:colcon.colcon_core.verb:set package 'ignition_robot' build argument 'cmake_clean_cache' from command line to 'False'
[0.144s] Level 5:colcon.colcon_core.verb:set package 'ignition_robot' build argument 'cmake_clean_first' from command line to 'False'
[0.144s] Level 5:colcon.colcon_core.verb:set package 'ignition_robot' build argument 'cmake_force_configure' from command line to 'False'
[0.144s] Level 5:colcon.colcon_core.verb:set package 'ignition_robot' build argument 'ament_cmake_args' from command line to 'None'
[0.144s] Level 5:colcon.colcon_core.verb:set package 'ignition_robot' build argument 'catkin_cmake_args' from command line to 'None'
[0.144s] Level 5:colcon.colcon_core.verb:set package 'ignition_robot' build argument 'catkin_skip_building_tests' from command line to 'False'
[0.144s] DEBUG:colcon.colcon_core.verb:Building package 'ignition_robot' with the following arguments: {'ament_cmake_args': None, 'build_base': '/home/ougy/damiao_ws/tanerb_ws/build/ignition_robot', 'catkin_cmake_args': None, 'catkin_skip_building_tests': False, 'cmake_args': None, 'cmake_clean_cache': False, 'cmake_clean_first': False, 'cmake_force_configure': False, 'cmake_target': None, 'cmake_target_skip_unavailable': False, 'install_base': '/home/ougy/damiao_ws/tanerb_ws/install/ignition_robot', 'merge_install': False, 'path': '/home/ougy/damiao_ws/tanerb_ws/src/ignition_robot', 'symlink_install': False, 'test_result_base': None}
[0.144s] Level 5:colcon.colcon_core.verb:set package 'tanerb_sub' build argument 'cmake_args' from command line to 'None'
[0.144s] Level 5:colcon.colcon_core.verb:set package 'tanerb_sub' build argument 'cmake_target' from command line to 'None'
[0.144s] Level 5:colcon.colcon_core.verb:set package 'tanerb_sub' build argument 'cmake_target_skip_unavailable' from command line to 'False'
[0.144s] Level 5:colcon.colcon_core.verb:set package 'tanerb_sub' build argument 'cmake_clean_cache' from command line to 'False'
[0.144s] Level 5:colcon.colcon_core.verb:set package 'tanerb_sub' build argument 'cmake_clean_first' from command line to 'False'
[0.144s] Level 5:colcon.colcon_core.verb:set package 'tanerb_sub' build argument 'cmake_force_configure' from command line to 'False'
[0.144s] Level 5:colcon.colcon_core.verb:set package 'tanerb_sub' build argument 'ament_cmake_args' from command line to 'None'
[0.144s] Level 5:colcon.colcon_core.verb:set package 'tanerb_sub' build argument 'catkin_cmake_args' from command line to 'None'
[0.144s] Level 5:colcon.colcon_core.verb:set package 'tanerb_sub' build argument 'catkin_skip_building_tests' from command line to 'False'
[0.144s] DEBUG:colcon.colcon_core.verb:Building package 'tanerb_sub' with the following arguments: {'ament_cmake_args': None, 'build_base': '/home/ougy/damiao_ws/tanerb_ws/build/tanerb_sub', 'catkin_cmake_args': None, 'catkin_skip_building_tests': False, 'cmake_args': None, 'cmake_clean_cache': False, 'cmake_clean_first': False, 'cmake_force_configure': False, 'cmake_target': None, 'cmake_target_skip_unavailable': False, 'install_base': '/home/ougy/damiao_ws/tanerb_ws/install/tanerb_sub', 'merge_install': False, 'path': '/home/ougy/damiao_ws/tanerb_ws/src/tanerb_sub', 'symlink_install': False, 'test_result_base': None}
[0.144s] INFO:colcon.colcon_core.executor:Executing jobs using 'parallel' executor
[0.145s] DEBUG:colcon.colcon_parallel_executor.executor.parallel:run_until_complete
[0.145s] INFO:colcon.colcon_ros.task.ament_cmake.build:Building ROS package in '/home/ougy/damiao_ws/tanerb_ws/src/ignition_robot' with build type 'ament_cmake'
[0.145s] INFO:colcon.colcon_cmake.task.cmake.build:Building CMake package in '/home/ougy/damiao_ws/tanerb_ws/src/ignition_robot'
[0.147s] INFO:colcon.colcon_core.plugin_system:Skipping extension 'colcon_core.shell.bat': Not used on non-Windows systems
[0.147s] INFO:colcon.colcon_core.shell:Skip shell extension 'powershell' for command environment: Not usable outside of PowerShell
[0.147s] DEBUG:colcon.colcon_core.shell:Skip shell extension 'dsv' for command environment
[0.155s] INFO:colcon.colcon_ros.task.ament_python.build:Building ROS package in '/home/ougy/damiao_ws/tanerb_ws/src/tanerb_sub' with build type 'ament_python'
[0.155s] Level 1:colcon.colcon_core.shell:create_environment_hook('tanerb_sub', 'ament_prefix_path')
[0.156s] INFO:colcon.colcon_core.shell:Creating environment hook '/home/ougy/damiao_ws/tanerb_ws/install/tanerb_sub/share/tanerb_sub/hook/ament_prefix_path.ps1'
[0.156s] INFO:colcon.colcon_core.shell:Creating environment descriptor '/home/ougy/damiao_ws/tanerb_ws/install/tanerb_sub/share/tanerb_sub/hook/ament_prefix_path.dsv'
[0.157s] INFO:colcon.colcon_core.shell:Creating environment hook '/home/ougy/damiao_ws/tanerb_ws/install/tanerb_sub/share/tanerb_sub/hook/ament_prefix_path.sh'
[0.157s] INFO:colcon.colcon_core.shell:Skip shell extension 'powershell' for command environment: Not usable outside of PowerShell
[0.157s] DEBUG:colcon.colcon_core.shell:Skip shell extension 'dsv' for command environment
[0.176s] DEBUG:colcon.colcon_core.event_handler.log_command:Invoking command in '/home/ougy/damiao_ws/tanerb_ws/build/ignition_robot': CMAKE_PREFIX_PATH=${CMAKE_PREFIX_PATH}:/home/ougy/damiao_ws/tanerb_ws/install/tanerb_sub:/home/ougy/ros2_ws/install/user_interface:/home/ougy/ros2_ws/install/service_test:/home/ougy/ros2_ws/install/robstride_ros:/home/ougy/ros2_ws/install/point_cloud_data:/home/ougy/ros2_ws/install/parameter_tests_pkg:/home/ougy/ros2_ws/install/odrive_can:/home/ougy/ros2_ws/install/mks_stepper_can:/home/ougy/ros2_ws/install/manage_node_test:/home/ougy/ros2_ws/install/launch_tests_pkg:/home/ougy/ros2_ws/install/kinematics:/home/ougy/ros2_ws/install/ds4_teleop:/home/ougy/ros2_ws/install/dc_gamepad:/home/ougy/ros2_ws/install/can_driver:/home/ougy/ros2_ws/install/can_test:/home/ougy/ros2_ws/install/action_test_pkg:/home/ougy/ws_moveit/install/moveit_configs_utils:/home/ougy/ws_moveit/install/launch_param_builder:/opt/ros/humble /usr/bin/cmake --build /home/ougy/damiao_ws/tanerb_ws/build/ignition_robot -- -j20 -l20
[0.308s] INFO:colcon.colcon_core.task.python.build:Building Python package in '/home/ougy/damiao_ws/tanerb_ws/src/tanerb_sub'
[0.308s] INFO:colcon.colcon_core.shell:Skip shell extension 'powershell' for command environment: Not usable outside of PowerShell
[0.309s] DEBUG:colcon.colcon_core.shell:Skip shell extension 'dsv' for command environment
[0.314s] DEBUG:colcon.colcon_core.event_handler.log_command:Invoked command in '/home/ougy/damiao_ws/tanerb_ws/build/ignition_robot' returned '0': CMAKE_PREFIX_PATH=${CMAKE_PREFIX_PATH}:/home/ougy/damiao_ws/tanerb_ws/install/tanerb_sub:/home/ougy/ros2_ws/install/user_interface:/home/ougy/ros2_ws/install/service_test:/home/ougy/ros2_ws/install/robstride_ros:/home/ougy/ros2_ws/install/point_cloud_data:/home/ougy/ros2_ws/install/parameter_tests_pkg:/home/ougy/ros2_ws/install/odrive_can:/home/ougy/ros2_ws/install/mks_stepper_can:/home/ougy/ros2_ws/install/manage_node_test:/home/ougy/ros2_ws/install/launch_tests_pkg:/home/ougy/ros2_ws/install/kinematics:/home/ougy/ros2_ws/install/ds4_teleop:/home/ougy/ros2_ws/install/dc_gamepad:/home/ougy/ros2_ws/install/can_driver:/home/ougy/ros2_ws/install/can_test:/home/ougy/ros2_ws/install/action_test_pkg:/home/ougy/ws_moveit/install/moveit_configs_utils:/home/ougy/ws_moveit/install/launch_param_builder:/opt/ros/humble /usr/bin/cmake --build /home/ougy/damiao_ws/tanerb_ws/build/ignition_robot -- -j20 -l20
[0.325s] DEBUG:colcon.colcon_core.event_handler.log_command:Invoking command in '/home/ougy/damiao_ws/tanerb_ws/build/ignition_robot': CMAKE_PREFIX_PATH=${CMAKE_PREFIX_PATH}:/home/ougy/damiao_ws/tanerb_ws/install/tanerb_sub:/home/ougy/ros2_ws/install/user_interface:/home/ougy/ros2_ws/install/service_test:/home/ougy/ros2_ws/install/robstride_ros:/home/ougy/ros2_ws/install/point_cloud_data:/home/ougy/ros2_ws/install/parameter_tests_pkg:/home/ougy/ros2_ws/install/odrive_can:/home/ougy/ros2_ws/install/mks_stepper_can:/home/ougy/ros2_ws/install/manage_node_test:/home/ougy/ros2_ws/install/launch_tests_pkg:/home/ougy/ros2_ws/install/kinematics:/home/ougy/ros2_ws/install/ds4_teleop:/home/ougy/ros2_ws/install/dc_gamepad:/home/ougy/ros2_ws/install/can_driver:/home/ougy/ros2_ws/install/can_test:/home/ougy/ros2_ws/install/action_test_pkg:/home/ougy/ws_moveit/install/moveit_configs_utils:/home/ougy/ws_moveit/install/launch_param_builder:/opt/ros/humble /usr/bin/cmake --install /home/ougy/damiao_ws/tanerb_ws/build/ignition_robot
[0.333s] Level 1:colcon.colcon_core.environment:create_environment_scripts_only(ignition_robot)
[0.335s] DEBUG:colcon.colcon_core.event_handler.log_command:Invoked command in '/home/ougy/damiao_ws/tanerb_ws/build/ignition_robot' returned '0': CMAKE_PREFIX_PATH=${CMAKE_PREFIX_PATH}:/home/ougy/damiao_ws/tanerb_ws/install/tanerb_sub:/home/ougy/ros2_ws/install/user_interface:/home/ougy/ros2_ws/install/service_test:/home/ougy/ros2_ws/install/robstride_ros:/home/ougy/ros2_ws/install/point_cloud_data:/home/ougy/ros2_ws/install/parameter_tests_pkg:/home/ougy/ros2_ws/install/odrive_can:/home/ougy/ros2_ws/install/mks_stepper_can:/home/ougy/ros2_ws/install/manage_node_test:/home/ougy/ros2_ws/install/launch_tests_pkg:/home/ougy/ros2_ws/install/kinematics:/home/ougy/ros2_ws/install/ds4_teleop:/home/ougy/ros2_ws/install/dc_gamepad:/home/ougy/ros2_ws/install/can_driver:/home/ougy/ros2_ws/install/can_test:/home/ougy/ros2_ws/install/action_test_pkg:/home/ougy/ws_moveit/install/moveit_configs_utils:/home/ougy/ws_moveit/install/launch_param_builder:/opt/ros/humble /usr/bin/cmake --install /home/ougy/damiao_ws/tanerb_ws/build/ignition_robot
[0.337s] Level 1:colcon.colcon_core.environment:checking '/home/ougy/damiao_ws/tanerb_ws/install/ignition_robot' for CMake module files
[0.338s] Level 1:colcon.colcon_core.environment:checking '/home/ougy/damiao_ws/tanerb_ws/install/ignition_robot' for CMake config files
[0.338s] Level 1:colcon.colcon_core.shell:create_environment_hook('ignition_robot', 'cmake_prefix_path')
[0.338s] INFO:colcon.colcon_core.shell:Creating environment hook '/home/ougy/damiao_ws/tanerb_ws/install/ignition_robot/share/ignition_robot/hook/cmake_prefix_path.ps1'
[0.339s] INFO:colcon.colcon_core.shell:Creating environment descriptor '/home/ougy/damiao_ws/tanerb_ws/install/ignition_robot/share/ignition_robot/hook/cmake_prefix_path.dsv'
[0.339s] INFO:colcon.colcon_core.shell:Creating environment hook '/home/ougy/damiao_ws/tanerb_ws/install/ignition_robot/share/ignition_robot/hook/cmake_prefix_path.sh'
[0.339s] Level 1:colcon.colcon_core.environment:checking '/home/ougy/damiao_ws/tanerb_ws/install/ignition_robot/bin'
[0.339s] Level 1:colcon.colcon_core.environment:checking '/home/ougy/damiao_ws/tanerb_ws/install/ignition_robot/lib/pkgconfig/ignition_robot.pc'
[0.340s] Level 1:colcon.colcon_core.environment:checking '/home/ougy/damiao_ws/tanerb_ws/install/ignition_robot/lib/python3.10/site-packages'
[0.340s] Level 1:colcon.colcon_core.environment:checking '/home/ougy/damiao_ws/tanerb_ws/install/ignition_robot/bin'
[0.340s] INFO:colcon.colcon_core.shell:Creating package script '/home/ougy/damiao_ws/tanerb_ws/install/ignition_robot/share/ignition_robot/package.ps1'
[0.341s] INFO:colcon.colcon_core.shell:Creating package descriptor '/home/ougy/damiao_ws/tanerb_ws/install/ignition_robot/share/ignition_robot/package.dsv'
[0.341s] INFO:colcon.colcon_core.shell:Creating package script '/home/ougy/damiao_ws/tanerb_ws/install/ignition_robot/share/ignition_robot/package.sh'
[0.342s] INFO:colcon.colcon_core.shell:Creating package script '/home/ougy/damiao_ws/tanerb_ws/install/ignition_robot/share/ignition_robot/package.bash'
[0.343s] INFO:colcon.colcon_core.shell:Creating package script '/home/ougy/damiao_ws/tanerb_ws/install/ignition_robot/share/ignition_robot/package.zsh'
[0.343s] Level 1:colcon.colcon_core.environment:create_file_with_runtime_dependencies(/home/ougy/damiao_ws/tanerb_ws/install/ignition_robot/share/colcon-core/packages/ignition_robot)
[0.344s] Level 1:colcon.colcon_core.environment:create_environment_scripts_only(ignition_robot)
[0.344s] Level 1:colcon.colcon_core.environment:checking '/home/ougy/damiao_ws/tanerb_ws/install/ignition_robot' for CMake module files
[0.344s] Level 1:colcon.colcon_core.environment:checking '/home/ougy/damiao_ws/tanerb_ws/install/ignition_robot' for CMake config files
[0.345s] Level 1:colcon.colcon_core.shell:create_environment_hook('ignition_robot', 'cmake_prefix_path')
[0.345s] INFO:colcon.colcon_core.shell:Creating environment hook '/home/ougy/damiao_ws/tanerb_ws/install/ignition_robot/share/ignition_robot/hook/cmake_prefix_path.ps1'
[0.345s] INFO:colcon.colcon_core.shell:Creating environment descriptor '/home/ougy/damiao_ws/tanerb_ws/install/ignition_robot/share/ignition_robot/hook/cmake_prefix_path.dsv'
[0.346s] INFO:colcon.colcon_core.shell:Creating environment hook '/home/ougy/damiao_ws/tanerb_ws/install/ignition_robot/share/ignition_robot/hook/cmake_prefix_path.sh'
[0.346s] Level 1:colcon.colcon_core.environment:checking '/home/ougy/damiao_ws/tanerb_ws/install/ignition_robot/bin'
[0.346s] Level 1:colcon.colcon_core.environment:checking '/home/ougy/damiao_ws/tanerb_ws/install/ignition_robot/lib/pkgconfig/ignition_robot.pc'
[0.346s] Level 1:colcon.colcon_core.environment:checking '/home/ougy/damiao_ws/tanerb_ws/install/ignition_robot/lib/python3.10/site-packages'
[0.347s] Level 1:colcon.colcon_core.environment:checking '/home/ougy/damiao_ws/tanerb_ws/install/ignition_robot/bin'
[0.347s] INFO:colcon.colcon_core.shell:Creating package script '/home/ougy/damiao_ws/tanerb_ws/install/ignition_robot/share/ignition_robot/package.ps1'
[0.347s] INFO:colcon.colcon_core.shell:Creating package descriptor '/home/ougy/damiao_ws/tanerb_ws/install/ignition_robot/share/ignition_robot/package.dsv'
[0.347s] INFO:colcon.colcon_core.shell:Creating package script '/home/ougy/damiao_ws/tanerb_ws/install/ignition_robot/share/ignition_robot/package.sh'
[0.348s] INFO:colcon.colcon_core.shell:Creating package script '/home/ougy/damiao_ws/tanerb_ws/install/ignition_robot/share/ignition_robot/package.bash'
[0.348s] INFO:colcon.colcon_core.shell:Creating package script '/home/ougy/damiao_ws/tanerb_ws/install/ignition_robot/share/ignition_robot/package.zsh'
[0.348s] Level 1:colcon.colcon_core.environment:create_file_with_runtime_dependencies(/home/ougy/damiao_ws/tanerb_ws/install/ignition_robot/share/colcon-core/packages/ignition_robot)
[0.587s] DEBUG:colcon.colcon_core.event_handler.log_command:Invoking command in '/home/ougy/damiao_ws/tanerb_ws/src/tanerb_sub': PYTHONPATH=/home/ougy/damiao_ws/tanerb_ws/build/tanerb_sub/prefix_override:/usr/lib/python3/dist-packages/colcon_core/task/python/colcon_distutils_commands:/home/ougy/damiao_ws/tanerb_ws/install/tanerb_sub/lib/python3.10/site-packages:${PYTHONPATH} /usr/bin/python3 -W ignore:setup.py install is deprecated -W ignore:easy_install command is deprecated setup.py egg_info --egg-base ../../build/tanerb_sub build --build-base /home/ougy/damiao_ws/tanerb_ws/build/tanerb_sub/build install --record /home/ougy/damiao_ws/tanerb_ws/build/tanerb_sub/install.log --single-version-externally-managed install_data
[0.839s] Level 1:colcon.colcon_core.environment:checking '/home/ougy/damiao_ws/tanerb_ws/install/tanerb_sub' for CMake module files
[0.839s] DEBUG:colcon.colcon_core.event_handler.log_command:Invoked command in '/home/ougy/damiao_ws/tanerb_ws/src/tanerb_sub' returned '0': PYTHONPATH=/home/ougy/damiao_ws/tanerb_ws/build/tanerb_sub/prefix_override:/usr/lib/python3/dist-packages/colcon_core/task/python/colcon_distutils_commands:/home/ougy/damiao_ws/tanerb_ws/install/tanerb_sub/lib/python3.10/site-packages:${PYTHONPATH} /usr/bin/python3 -W ignore:setup.py install is deprecated -W ignore:easy_install command is deprecated setup.py egg_info --egg-base ../../build/tanerb_sub build --build-base /home/ougy/damiao_ws/tanerb_ws/build/tanerb_sub/build install --record /home/ougy/damiao_ws/tanerb_ws/build/tanerb_sub/install.log --single-version-externally-managed install_data
[0.839s] Level 1:colcon.colcon_core.environment:checking '/home/ougy/damiao_ws/tanerb_ws/install/tanerb_sub' for CMake config files
[0.840s] Level 1:colcon.colcon_core.environment:checking '/home/ougy/damiao_ws/tanerb_ws/install/tanerb_sub/lib'
[0.840s] Level 1:colcon.colcon_core.environment:checking '/home/ougy/damiao_ws/tanerb_ws/install/tanerb_sub/bin'
[0.840s] Level 1:colcon.colcon_core.environment:checking '/home/ougy/damiao_ws/tanerb_ws/install/tanerb_sub/lib/pkgconfig/tanerb_sub.pc'
[0.840s] Level 1:colcon.colcon_core.environment:checking '/home/ougy/damiao_ws/tanerb_ws/install/tanerb_sub/lib/python3.10/site-packages'
[0.840s] Level 1:colcon.colcon_core.shell:create_environment_hook('tanerb_sub', 'pythonpath')
[0.840s] INFO:colcon.colcon_core.shell:Creating environment hook '/home/ougy/damiao_ws/tanerb_ws/install/tanerb_sub/share/tanerb_sub/hook/pythonpath.ps1'
[0.841s] INFO:colcon.colcon_core.shell:Creating environment descriptor '/home/ougy/damiao_ws/tanerb_ws/install/tanerb_sub/share/tanerb_sub/hook/pythonpath.dsv'
[0.841s] INFO:colcon.colcon_core.shell:Creating environment hook '/home/ougy/damiao_ws/tanerb_ws/install/tanerb_sub/share/tanerb_sub/hook/pythonpath.sh'
[0.841s] Level 1:colcon.colcon_core.environment:checking '/home/ougy/damiao_ws/tanerb_ws/install/tanerb_sub/bin'
[0.841s] Level 1:colcon.colcon_core.environment:create_environment_scripts_only(tanerb_sub)
[0.842s] INFO:colcon.colcon_core.shell:Creating package script '/home/ougy/damiao_ws/tanerb_ws/install/tanerb_sub/share/tanerb_sub/package.ps1'
[0.842s] INFO:colcon.colcon_core.shell:Creating package descriptor '/home/ougy/damiao_ws/tanerb_ws/install/tanerb_sub/share/tanerb_sub/package.dsv'
[0.842s] INFO:colcon.colcon_core.shell:Creating package script '/home/ougy/damiao_ws/tanerb_ws/install/tanerb_sub/share/tanerb_sub/package.sh'
[0.842s] INFO:colcon.colcon_core.shell:Creating package script '/home/ougy/damiao_ws/tanerb_ws/install/tanerb_sub/share/tanerb_sub/package.bash'
[0.842s] INFO:colcon.colcon_core.shell:Creating package script '/home/ougy/damiao_ws/tanerb_ws/install/tanerb_sub/share/tanerb_sub/package.zsh'
[0.843s] Level 1:colcon.colcon_core.environment:create_file_with_runtime_dependencies(/home/ougy/damiao_ws/tanerb_ws/install/tanerb_sub/share/colcon-core/packages/tanerb_sub)
[0.843s] DEBUG:colcon.colcon_parallel_executor.executor.parallel:closing loop
[0.843s] DEBUG:colcon.colcon_parallel_executor.executor.parallel:loop closed
[0.843s] DEBUG:colcon.colcon_parallel_executor.executor.parallel:run_until_complete finished with '0'
[0.843s] DEBUG:colcon.colcon_core.event_reactor:joining thread
[0.847s] INFO:colcon.colcon_core.plugin_system:Skipping extension 'colcon_notification.desktop_notification.terminal_notifier': Not used on non-Darwin systems
[0.847s] INFO:colcon.colcon_core.plugin_system:Skipping extension 'colcon_notification.desktop_notification.win32': Not used on non-Windows systems
[0.847s] INFO:colcon.colcon_notification.desktop_notification:Sending desktop notification using 'notify2'
[0.853s] DEBUG:colcon.colcon_core.event_reactor:joined thread
[0.853s] INFO:colcon.colcon_core.shell:Creating prefix script '/home/ougy/damiao_ws/tanerb_ws/install/local_setup.ps1'
[0.854s] INFO:colcon.colcon_core.shell:Creating prefix util module '/home/ougy/damiao_ws/tanerb_ws/install/_local_setup_util_ps1.py'
[0.855s] INFO:colcon.colcon_core.shell:Creating prefix chain script '/home/ougy/damiao_ws/tanerb_ws/install/setup.ps1'
[0.857s] INFO:colcon.colcon_core.shell:Creating prefix script '/home/ougy/damiao_ws/tanerb_ws/install/local_setup.sh'
[0.857s] INFO:colcon.colcon_core.shell:Creating prefix util module '/home/ougy/damiao_ws/tanerb_ws/install/_local_setup_util_sh.py'
[0.857s] INFO:colcon.colcon_core.shell:Creating prefix chain script '/home/ougy/damiao_ws/tanerb_ws/install/setup.sh'
[0.859s] INFO:colcon.colcon_core.shell:Creating prefix script '/home/ougy/damiao_ws/tanerb_ws/install/local_setup.bash'
[0.859s] INFO:colcon.colcon_core.shell:Creating prefix chain script '/home/ougy/damiao_ws/tanerb_ws/install/setup.bash'
[0.861s] INFO:colcon.colcon_core.shell:Creating prefix script '/home/ougy/damiao_ws/tanerb_ws/install/local_setup.zsh'
[0.861s] INFO:colcon.colcon_core.shell:Creating prefix chain script '/home/ougy/damiao_ws/tanerb_ws/install/setup.zsh'
