[0.020s] Invoking command in '/home/ougy/damiao_ws/tanerb_ws/build/ignition_robot': CMAKE_PREFIX_PATH=${CMAKE_PREFIX_PATH}:/home/ougy/damiao_ws/tanerb_ws/install/tanerb_sub:/home/ougy/ros2_ws/install/user_interface:/home/ougy/ros2_ws/install/service_test:/home/ougy/ros2_ws/install/robstride_ros:/home/ougy/ros2_ws/install/point_cloud_data:/home/ougy/ros2_ws/install/parameter_tests_pkg:/home/ougy/ros2_ws/install/odrive_can:/home/ougy/ros2_ws/install/mks_stepper_can:/home/ougy/ros2_ws/install/manage_node_test:/home/ougy/ros2_ws/install/launch_tests_pkg:/home/ougy/ros2_ws/install/kinematics:/home/ougy/ros2_ws/install/ds4_teleop:/home/ougy/ros2_ws/install/dc_gamepad:/home/ougy/ros2_ws/install/can_driver:/home/ougy/ros2_ws/install/can_test:/home/ougy/ros2_ws/install/action_test_pkg:/home/ougy/ws_moveit/install/moveit_configs_utils:/home/ougy/ws_moveit/install/launch_param_builder:/opt/ros/humble /usr/bin/cmake --build /home/ougy/damiao_ws/tanerb_ws/build/ignition_robot -- -j20 -l20
[0.171s] Invoked command in '/home/ougy/damiao_ws/tanerb_ws/build/ignition_robot' returned '0': CMAKE_PREFIX_PATH=${CMAKE_PREFIX_PATH}:/home/ougy/damiao_ws/tanerb_ws/install/tanerb_sub:/home/ougy/ros2_ws/install/user_interface:/home/ougy/ros2_ws/install/service_test:/home/ougy/ros2_ws/install/robstride_ros:/home/ougy/ros2_ws/install/point_cloud_data:/home/ougy/ros2_ws/install/parameter_tests_pkg:/home/ougy/ros2_ws/install/odrive_can:/home/ougy/ros2_ws/install/mks_stepper_can:/home/ougy/ros2_ws/install/manage_node_test:/home/ougy/ros2_ws/install/launch_tests_pkg:/home/ougy/ros2_ws/install/kinematics:/home/ougy/ros2_ws/install/ds4_teleop:/home/ougy/ros2_ws/install/dc_gamepad:/home/ougy/ros2_ws/install/can_driver:/home/ougy/ros2_ws/install/can_test:/home/ougy/ros2_ws/install/action_test_pkg:/home/ougy/ws_moveit/install/moveit_configs_utils:/home/ougy/ws_moveit/install/launch_param_builder:/opt/ros/humble /usr/bin/cmake --build /home/ougy/damiao_ws/tanerb_ws/build/ignition_robot -- -j20 -l20
[0.180s] Invoking command in '/home/ougy/damiao_ws/tanerb_ws/build/ignition_robot': CMAKE_PREFIX_PATH=${CMAKE_PREFIX_PATH}:/home/ougy/damiao_ws/tanerb_ws/install/tanerb_sub:/home/ougy/ros2_ws/install/user_interface:/home/ougy/ros2_ws/install/service_test:/home/ougy/ros2_ws/install/robstride_ros:/home/ougy/ros2_ws/install/point_cloud_data:/home/ougy/ros2_ws/install/parameter_tests_pkg:/home/ougy/ros2_ws/install/odrive_can:/home/ougy/ros2_ws/install/mks_stepper_can:/home/ougy/ros2_ws/install/manage_node_test:/home/ougy/ros2_ws/install/launch_tests_pkg:/home/ougy/ros2_ws/install/kinematics:/home/ougy/ros2_ws/install/ds4_teleop:/home/ougy/ros2_ws/install/dc_gamepad:/home/ougy/ros2_ws/install/can_driver:/home/ougy/ros2_ws/install/can_test:/home/ougy/ros2_ws/install/action_test_pkg:/home/ougy/ws_moveit/install/moveit_configs_utils:/home/ougy/ws_moveit/install/launch_param_builder:/opt/ros/humble /usr/bin/cmake --install /home/ougy/damiao_ws/tanerb_ws/build/ignition_robot
[0.186s] -- Install configuration: ""
[0.186s] -- Up-to-date: /home/ougy/damiao_ws/tanerb_ws/install/ignition_robot/share/ignition_robot/launch
[0.186s] -- Installing: /home/ougy/damiao_ws/tanerb_ws/install/ignition_robot/share/ignition_robot/launch/gazebo.launch.py
[0.186s] -- Up-to-date: /home/ougy/damiao_ws/tanerb_ws/install/ignition_robot/share/ignition_robot/launch/complete.launch.py
[0.186s] -- Up-to-date: /home/ougy/damiao_ws/tanerb_ws/install/ignition_robot/share/ignition_robot/launch/display.launch.py
[0.186s] -- Up-to-date: /home/ougy/damiao_ws/tanerb_ws/install/ignition_robot/share/ignition_robot/urdf
[0.186s] -- Up-to-date: /home/ougy/damiao_ws/tanerb_ws/install/ignition_robot/share/ignition_robot/urdf/ignbot.urdf
[0.187s] -- Up-to-date: /home/ougy/damiao_ws/tanerb_ws/install/ignition_robot/share/ignition_robot/urdf/tanerb_moveit_config.urdf
[0.187s] -- Up-to-date: /home/ougy/damiao_ws/tanerb_ws/install/ignition_robot/share/ignition_robot/urdf/tanerb_moveit_config.csv
[0.187s] -- Up-to-date: /home/ougy/damiao_ws/tanerb_ws/install/ignition_robot/share/ignition_robot/worlds
[0.187s] -- Up-to-date: /home/ougy/damiao_ws/tanerb_ws/install/ignition_robot/share/ignition_robot/worlds/empty_world.world
[0.187s] -- Up-to-date: /home/ougy/damiao_ws/tanerb_ws/install/ignition_robot/share/ignition_robot/config
[0.187s] -- Up-to-date: /home/ougy/damiao_ws/tanerb_ws/install/ignition_robot/share/ignition_robot/config/ignbot.rviz
[0.187s] -- Up-to-date: /home/ougy/damiao_ws/tanerb_ws/install/ignition_robot/share/ignition_robot/meshes
[0.187s] -- Up-to-date: /home/ougy/damiao_ws/tanerb_ws/install/ignition_robot/share/ignition_robot/meshes/j5_Link.STL
[0.187s] -- Up-to-date: /home/ougy/damiao_ws/tanerb_ws/install/ignition_robot/share/ignition_robot/meshes/base_link.STL
[0.187s] -- Up-to-date: /home/ougy/damiao_ws/tanerb_ws/install/ignition_robot/share/ignition_robot/meshes/j6_Link.STL
[0.187s] -- Up-to-date: /home/ougy/damiao_ws/tanerb_ws/install/ignition_robot/share/ignition_robot/meshes/j3_Link.STL
[0.187s] -- Up-to-date: /home/ougy/damiao_ws/tanerb_ws/install/ignition_robot/share/ignition_robot/meshes/j2_Link.STL
[0.187s] -- Up-to-date: /home/ougy/damiao_ws/tanerb_ws/install/ignition_robot/share/ignition_robot/meshes/j4_Link.STL
[0.188s] -- Up-to-date: /home/ougy/damiao_ws/tanerb_ws/install/ignition_robot/share/ignition_robot/meshes/j7_Link.STL
[0.188s] -- Up-to-date: /home/ougy/damiao_ws/tanerb_ws/install/ignition_robot/share/ignition_robot/meshes/j1_Link.STL
[0.188s] -- Up-to-date: /home/ougy/damiao_ws/tanerb_ws/install/ignition_robot/share/ament_index/resource_index/package_run_dependencies/ignition_robot
[0.188s] -- Up-to-date: /home/ougy/damiao_ws/tanerb_ws/install/ignition_robot/share/ament_index/resource_index/parent_prefix_path/ignition_robot
[0.188s] -- Up-to-date: /home/ougy/damiao_ws/tanerb_ws/install/ignition_robot/share/ignition_robot/environment/ament_prefix_path.sh
[0.188s] -- Up-to-date: /home/ougy/damiao_ws/tanerb_ws/install/ignition_robot/share/ignition_robot/environment/ament_prefix_path.dsv
[0.188s] -- Up-to-date: /home/ougy/damiao_ws/tanerb_ws/install/ignition_robot/share/ignition_robot/environment/path.sh
[0.188s] -- Up-to-date: /home/ougy/damiao_ws/tanerb_ws/install/ignition_robot/share/ignition_robot/environment/path.dsv
[0.188s] -- Up-to-date: /home/ougy/damiao_ws/tanerb_ws/install/ignition_robot/share/ignition_robot/local_setup.bash
[0.188s] -- Up-to-date: /home/ougy/damiao_ws/tanerb_ws/install/ignition_robot/share/ignition_robot/local_setup.sh
[0.189s] -- Up-to-date: /home/ougy/damiao_ws/tanerb_ws/install/ignition_robot/share/ignition_robot/local_setup.zsh
[0.189s] -- Up-to-date: /home/ougy/damiao_ws/tanerb_ws/install/ignition_robot/share/ignition_robot/local_setup.dsv
[0.189s] -- Up-to-date: /home/ougy/damiao_ws/tanerb_ws/install/ignition_robot/share/ignition_robot/package.dsv
[0.189s] -- Up-to-date: /home/ougy/damiao_ws/tanerb_ws/install/ignition_robot/share/ament_index/resource_index/packages/ignition_robot
[0.189s] -- Up-to-date: /home/ougy/damiao_ws/tanerb_ws/install/ignition_robot/share/ignition_robot/cmake/ignition_robotConfig.cmake
[0.189s] -- Up-to-date: /home/ougy/damiao_ws/tanerb_ws/install/ignition_robot/share/ignition_robot/cmake/ignition_robotConfig-version.cmake
[0.190s] -- Up-to-date: /home/ougy/damiao_ws/tanerb_ws/install/ignition_robot/share/ignition_robot/package.xml
[0.190s] Invoked command in '/home/ougy/damiao_ws/tanerb_ws/build/ignition_robot' returned '0': CMAKE_PREFIX_PATH=${CMAKE_PREFIX_PATH}:/home/ougy/damiao_ws/tanerb_ws/install/tanerb_sub:/home/ougy/ros2_ws/install/user_interface:/home/ougy/ros2_ws/install/service_test:/home/ougy/ros2_ws/install/robstride_ros:/home/ougy/ros2_ws/install/point_cloud_data:/home/ougy/ros2_ws/install/parameter_tests_pkg:/home/ougy/ros2_ws/install/odrive_can:/home/ougy/ros2_ws/install/mks_stepper_can:/home/ougy/ros2_ws/install/manage_node_test:/home/ougy/ros2_ws/install/launch_tests_pkg:/home/ougy/ros2_ws/install/kinematics:/home/ougy/ros2_ws/install/ds4_teleop:/home/ougy/ros2_ws/install/dc_gamepad:/home/ougy/ros2_ws/install/can_driver:/home/ougy/ros2_ws/install/can_test:/home/ougy/ros2_ws/install/action_test_pkg:/home/ougy/ws_moveit/install/moveit_configs_utils:/home/ougy/ws_moveit/install/launch_param_builder:/opt/ros/humble /usr/bin/cmake --install /home/ougy/damiao_ws/tanerb_ws/build/ignition_robot
